2025-10-15 13:33:17 - prediction - INFO - ============================================================
2025-10-15 13:33:17 - prediction - INFO - Starting Prediction
2025-10-15 13:33:17 - prediction - INFO - ============================================================
2025-10-15 13:33:17 - prediction - INFO - Weights: outputs/models/yolov11s-obb/weights/best.pt
2025-10-15 13:33:17 - prediction - INFO - Source: data/image.png
2025-10-15 13:33:17 - prediction - INFO - Confidence: 0.5
2025-10-15 13:33:17 - prediction - INFO - Using device: cpu
2025-10-15 13:33:17 - prediction - INFO - Model type: OBB
2025-10-15 13:33:17 - prediction - INFO - Classes: ['empty', 'occupied']
2025-10-15 13:33:17 - prediction - INFO - 
Image 1: 52 detections
2025-10-15 13:33:17 - prediction - INFO -   empty: 31
2025-10-15 13:33:17 - prediction - INFO -   occupied: 21
2025-10-15 13:33:17 - prediction - INFO - 
Total detections: 52
2025-10-15 13:33:17 - prediction - INFO - Average per image: 52.00
2025-10-15 13:33:17 - prediction - INFO - 
Results saved to: /home/shiba/Projects/Github Repos/parking-space-detection/outputs/predictions/predict_20251015_133317
2025-10-15 13:33:17 - prediction - INFO - 
✅ Prediction completed!
