2025-10-15 13:55:45 - prediction - INFO - ============================================================
2025-10-15 13:55:45 - prediction - INFO - Starting Prediction
2025-10-15 13:55:45 - prediction - INFO - ============================================================
2025-10-15 13:55:45 - prediction - INFO - Weights: outputs/models/yolov11s-obb/weights/best.pt
2025-10-15 13:55:45 - prediction - INFO - Source: data/3.png
2025-10-15 13:55:45 - prediction - INFO - Confidence: 0.5
2025-10-15 13:55:45 - prediction - INFO - Using device: cpu
2025-10-15 13:55:45 - prediction - INFO - Model type: OBB
2025-10-15 13:55:45 - prediction - INFO - Classes: ['empty', 'occupied']
2025-10-15 13:55:45 - prediction - INFO - 
Image 1: 17 detections
2025-10-15 13:55:45 - prediction - INFO -   occupied: 17
2025-10-15 13:55:45 - prediction - INFO - 
📊 Summary files saved:
2025-10-15 13:55:45 - prediction - INFO -   json: /home/shiba/Projects/Github Repos/parking-space-detection/outputs/predictions/predict_20251015_135545/detection_summary.json
2025-10-15 13:55:45 - prediction - INFO -   txt: /home/shiba/Projects/Github Repos/parking-space-detection/outputs/predictions/predict_20251015_135545/detection_summary.txt
2025-10-15 13:55:45 - prediction - INFO -   csv: /home/shiba/Projects/Github Repos/parking-space-detection/outputs/predictions/predict_20251015_135545/detection_results.csv
2025-10-15 13:55:45 - prediction - INFO -   visualization: /home/shiba/Projects/Github Repos/parking-space-detection/outputs/predictions/predict_20251015_135545/summary_visualization.jpg
2025-10-15 13:55:45 - prediction - INFO - 
Total detections: 17
2025-10-15 13:55:45 - prediction - INFO - Average per image: 17.00
2025-10-15 13:55:45 - prediction - INFO - 
Results saved to: /home/shiba/Projects/Github Repos/parking-space-detection/outputs/predictions/predict_20251015_135545
2025-10-15 13:55:45 - prediction - INFO - 
✅ Prediction completed!
